[INFO] Scanning for projects...
[INFO] 
[INFO] --------------< com.memory.context:digital-memory-engine >--------------
[INFO] Building DigitalMemoryEngine 0.0.1-SNAPSHOT
[INFO]   from pom.xml
[INFO] --------------------------------[ jar ]---------------------------------
[INFO] 
[INFO] --- clean:3.5.0:clean (default-clean) @ digital-memory-engine ---
[INFO] Deleting /Users/vinayakg08/Documents/digital-memory-engine/target
[INFO] 
[INFO] >>> spring-boot:4.0.1:run (default-cli) > test-compile @ digital-memory-engine >>>
[INFO] 
[INFO] --- resources:3.3.1:resources (default-resources) @ digital-memory-engine ---
[INFO] Copying 1 resource from src/main/resources to target/classes
[INFO] Copying 7 resources from src/main/resources to target/classes
[INFO] 
[INFO] --- compiler:3.14.1:compile (default-compile) @ digital-memory-engine ---
[INFO] Recompiling the module because of changed source code.
[INFO] Compiling 74 source files with javac [debug parameters release 17] to target/classes
[WARNING] /Users/vinayakg08/Documents/digital-memory-engine/src/main/java/com/memory/context/engine/infrastructure/cache/RedisConfig.java:[62,58] org.springframework.data.redis.serializer.GenericJackson2JsonRedisSerializer in org.springframework.data.redis.serializer has been deprecated and marked for removal
[WARNING] /Users/vinayakg08/Documents/digital-memory-engine/src/main/java/com/memory/context/engine/infrastructure/cache/RedisConfig.java:[62,152] org.springframework.data.redis.serializer.GenericJackson2JsonRedisSerializer in org.springframework.data.redis.serializer has been deprecated and marked for removal
[WARNING] /Users/vinayakg08/Documents/digital-memory-engine/src/main/java/com/memory/context/engine/infrastructure/cache/RedisConfig.java:[78,58] org.springframework.data.redis.serializer.GenericJackson2JsonRedisSerializer in org.springframework.data.redis.serializer has been deprecated and marked for removal
[WARNING] /Users/vinayakg08/Documents/digital-memory-engine/src/main/java/com/memory/context/engine/infrastructure/cache/RedisConfig.java:[78,152] org.springframework.data.redis.serializer.GenericJackson2JsonRedisSerializer in org.springframework.data.redis.serializer has been deprecated and marked for removal
[WARNING] /Users/vinayakg08/Documents/digital-memory-engine/src/main/java/com/memory/context/engine/infrastructure/kafka/KafkaConfig.java:[46,79] org.springframework.kafka.support.serializer.JsonSerializer in org.springframework.kafka.support.serializer has been deprecated and marked for removal
[WARNING] /Users/vinayakg08/Documents/digital-memory-engine/src/main/java/com/memory/context/engine/infrastructure/kafka/KafkaConfig.java:[60,48] org.springframework.kafka.support.serializer.JsonSerializer in org.springframework.kafka.support.serializer has been deprecated and marked for removal
[WARNING] /Users/vinayakg08/Documents/digital-memory-engine/src/main/java/com/memory/context/engine/infrastructure/kafka/KafkaConfig.java:[104,77] org.springframework.kafka.support.serializer.JsonDeserializer in org.springframework.kafka.support.serializer has been deprecated and marked for removal
[WARNING] /Users/vinayakg08/Documents/digital-memory-engine/src/main/java/com/memory/context/engine/infrastructure/kafka/KafkaConfig.java:[105,71] org.springframework.kafka.support.serializer.JsonDeserializer in org.springframework.kafka.support.serializer has been deprecated and marked for removal
[WARNING] /Users/vinayakg08/Documents/digital-memory-engine/src/main/java/com/memory/context/engine/infrastructure/kafka/KafkaConfig.java:[115,81] org.springframework.kafka.support.serializer.JsonDeserializer in org.springframework.kafka.support.serializer has been deprecated and marked for removal
[INFO] 
[INFO] --- resources:3.3.1:testResources (default-testResources) @ digital-memory-engine ---
[INFO] skip non existing resourceDirectory /Users/vinayakg08/Documents/digital-memory-engine/src/test/resources
[INFO] 
[INFO] --- compiler:3.14.1:testCompile (default-testCompile) @ digital-memory-engine ---
[INFO] Recompiling the module because of changed dependency.
[INFO] Compiling 2 source files with javac [debug parameters release 17] to target/test-classes
[INFO] 
[INFO] <<< spring-boot:4.0.1:run (default-cli) < test-compile @ digital-memory-engine <<<
[INFO] 
[INFO] 
[INFO] --- spring-boot:4.0.1:run (default-cli) @ digital-memory-engine ---
[INFO] Attaching agents: []

  .   ____          _            __ _ _
 /\\ / ___'_ __ _ _(_)_ __  __ _ \ \ \ \
( ( )\___ | '_ | '_| | '_ \/ _` | \ \ \ \
 \\/  ___)| |_)| | | | | || (_| |  ) ) ) )
  '  |____| .__|_| |_|_| |_\__, | / / / /
 =========|_|==============|___/=/_/_/_/

 :: Spring Boot ::                (v4.0.1)

2026-01-31T22:45:33.341+05:30  INFO 9456 --- [digital-memory-engine] [  restartedMain] c.m.c.e.DigitalMemoryEngineApplication   : Starting DigitalMemoryEngineApplication using Java 22.0.2 with PID 9456 (/Users/vinayakg08/Documents/digital-memory-engine/target/classes started by vinayakg08 in /Users/vinayakg08/Documents/digital-memory-engine)
2026-01-31T22:45:33.342+05:30  INFO 9456 --- [digital-memory-engine] [  restartedMain] c.m.c.e.DigitalMemoryEngineApplication   : No active profile set, falling back to 1 default profile: "default"
2026-01-31T22:45:33.369+05:30  INFO 9456 --- [digital-memory-engine] [  restartedMain] .e.DevToolsPropertyDefaultsPostProcessor : Devtools property defaults active! Set 'spring.devtools.add-properties' to 'false' to disable
2026-01-31T22:45:33.369+05:30  INFO 9456 --- [digital-memory-engine] [  restartedMain] .e.DevToolsPropertyDefaultsPostProcessor : For additional web related logging consider setting the 'logging.level.web' property to 'DEBUG'
2026-01-31T22:45:33.796+05:30  INFO 9456 --- [digital-memory-engine] [  restartedMain] .s.d.r.c.RepositoryConfigurationDelegate : Multiple Spring Data modules found, entering strict repository configuration mode
2026-01-31T22:45:33.797+05:30  INFO 9456 --- [digital-memory-engine] [  restartedMain] .s.d.r.c.RepositoryConfigurationDelegate : Bootstrapping Spring Data JPA repositories in DEFAULT mode.
2026-01-31T22:45:33.876+05:30  INFO 9456 --- [digital-memory-engine] [  restartedMain] .s.d.r.c.RepositoryConfigurationDelegate : Finished Spring Data repository scanning in 75 ms. Found 6 JPA repository interfaces.
2026-01-31T22:45:33.898+05:30  INFO 9456 --- [digital-memory-engine] [  restartedMain] .s.d.r.c.RepositoryConfigurationDelegate : Multiple Spring Data modules found, entering strict repository configuration mode
2026-01-31T22:45:33.898+05:30  INFO 9456 --- [digital-memory-engine] [  restartedMain] .s.d.r.c.RepositoryConfigurationDelegate : Bootstrapping Spring Data Redis repositories in DEFAULT mode.
2026-01-31T22:45:33.907+05:30  INFO 9456 --- [digital-memory-engine] [  restartedMain] .RepositoryConfigurationExtensionSupport : Spring Data Redis - Could not safely identify store assignment for repository candidate interface com.memory.context.engine.domain.audit.repository.AuditRepository; If you want this repository to be a Redis repository, consider annotating your entities with one of these annotations: org.springframework.data.redis.core.RedisHash (preferred), or consider extending one of the following types with your repository: org.springframework.data.keyvalue.repository.KeyValueRepository
2026-01-31T22:45:33.907+05:30  INFO 9456 --- [digital-memory-engine] [  restartedMain] .RepositoryConfigurationExtensionSupport : Spring Data Redis - Could not safely identify store assignment for repository candidate interface com.memory.context.engine.domain.memory.repository.MemoryOutcomeRepository; If you want this repository to be a Redis repository, consider annotating your entities with one of these annotations: org.springframework.data.redis.core.RedisHash (preferred), or consider extending one of the following types with your repository: org.springframework.data.keyvalue.repository.KeyValueRepository
2026-01-31T22:45:33.908+05:30  INFO 9456 --- [digital-memory-engine] [  restartedMain] .RepositoryConfigurationExtensionSupport : Spring Data Redis - Could not safely identify store assignment for repository candidate interface com.memory.context.engine.domain.memory.repository.MemoryRepository; If you want this repository to be a Redis repository, consider annotating your entities with one of these annotations: org.springframework.data.redis.core.RedisHash (preferred), or consider extending one of the following types with your repository: org.springframework.data.keyvalue.repository.KeyValueRepository
2026-01-31T22:45:33.908+05:30  INFO 9456 --- [digital-memory-engine] [  restartedMain] .RepositoryConfigurationExtensionSupport : Spring Data Redis - Could not safely identify store assignment for repository candidate interface com.memory.context.engine.domain.relationship.repository.MemoryRelationshipRepository; If you want this repository to be a Redis repository, consider annotating your entities with one of these annotations: org.springframework.data.redis.core.RedisHash (preferred), or consider extending one of the following types with your repository: org.springframework.data.keyvalue.repository.KeyValueRepository
2026-01-31T22:45:33.908+05:30  INFO 9456 --- [digital-memory-engine] [  restartedMain] .RepositoryConfigurationExtensionSupport : Spring Data Redis - Could not safely identify store assignment for repository candidate interface com.memory.context.engine.domain.topic.repository.TopicRepository; If you want this repository to be a Redis repository, consider annotating your entities with one of these annotations: org.springframework.data.redis.core.RedisHash (preferred), or consider extending one of the following types with your repository: org.springframework.data.keyvalue.repository.KeyValueRepository
2026-01-31T22:45:33.908+05:30  INFO 9456 --- [digital-memory-engine] [  restartedMain] .RepositoryConfigurationExtensionSupport : Spring Data Redis - Could not safely identify store assignment for repository candidate interface com.memory.context.engine.domain.user.repository.UserRepository; If you want this repository to be a Redis repository, consider annotating your entities with one of these annotations: org.springframework.data.redis.core.RedisHash (preferred), or consider extending one of the following types with your repository: org.springframework.data.keyvalue.repository.KeyValueRepository
2026-01-31T22:45:33.908+05:30  INFO 9456 --- [digital-memory-engine] [  restartedMain] .s.d.r.c.RepositoryConfigurationDelegate : Finished Spring Data repository scanning in 5 ms. Found 0 Redis repository interfaces.
2026-01-31T22:45:34.291+05:30  INFO 9456 --- [digital-memory-engine] [  restartedMain] o.s.boot.tomcat.TomcatWebServer          : Tomcat initialized with port 8082 (http)
2026-01-31T22:45:34.298+05:30  INFO 9456 --- [digital-memory-engine] [  restartedMain] o.apache.catalina.core.StandardService   : Starting service [Tomcat]
2026-01-31T22:45:34.299+05:30  INFO 9456 --- [digital-memory-engine] [  restartedMain] o.apache.catalina.core.StandardEngine    : Starting Servlet engine: [Apache Tomcat/11.0.15]
2026-01-31T22:45:34.315+05:30  INFO 9456 --- [digital-memory-engine] [  restartedMain] b.w.c.s.WebApplicationContextInitializer : Root WebApplicationContext: initialization completed in 946 ms
2026-01-31T22:45:34.396+05:30  WARN 9456 --- [digital-memory-engine] [  restartedMain] i.n.r.d.DnsServerAddressStreamProviders  : Can not find io.netty.resolver.dns.macos.MacOSDnsServerAddressStreamProvider in the classpath, fallback to system defaults. This may result in incorrect DNS resolutions on MacOS. Check whether you have a dependency on 'io.netty:netty-resolver-dns-native-macos'
2026-01-31T22:45:34.769+05:30  INFO 9456 --- [digital-memory-engine] [  restartedMain] com.zaxxer.hikari.HikariDataSource       : HikariPool-1 - Starting...
2026-01-31T22:45:37.391+05:30  WARN 9456 --- [digital-memory-engine] [  restartedMain] ConfigServletWebServerApplicationContext : Exception encountered during context initialization - cancelling refresh attempt: org.springframework.beans.factory.BeanCreationException: Error creating bean with name 'entityManagerFactory' defined in class path resource [org/springframework/boot/hibernate/autoconfigure/HibernateJpaConfiguration.class]: Failed to initialize dependency 'flywayInitializer' of LoadTimeWeaverAware bean 'entityManagerFactory': Error creating bean with name 'flywayInitializer' defined in class path resource [org/springframework/boot/flyway/autoconfigure/FlywayAutoConfiguration$FlywayConfiguration.class]: Unable to obtain connection from database: FATAL: MaxClientsInSessionMode: max clients reached - in Session mode max clients are limited to pool_size
-----------------------------------------------------------------------------------------------------------------------------------------------------
SQL State  : XX000
Error Code : 0
Message    : FATAL: MaxClientsInSessionMode: max clients reached - in Session mode max clients are limited to pool_size

2026-01-31T22:45:37.406+05:30  INFO 9456 --- [digital-memory-engine] [  restartedMain] o.apache.catalina.core.StandardService   : Stopping service [Tomcat]
2026-01-31T22:45:37.420+05:30  INFO 9456 --- [digital-memory-engine] [  restartedMain] .s.b.a.l.ConditionEvaluationReportLogger : 

Error starting ApplicationContext. To display the condition evaluation report re-run your application with 'debug' enabled.
2026-01-31T22:45:37.436+05:30 ERROR 9456 --- [digital-memory-engine] [  restartedMain] o.s.boot.SpringApplication               : Application run failed

org.springframework.beans.factory.BeanCreationException: Error creating bean with name 'entityManagerFactory' defined in class path resource [org/springframework/boot/hibernate/autoconfigure/HibernateJpaConfiguration.class]: Failed to initialize dependency 'flywayInitializer' of LoadTimeWeaverAware bean 'entityManagerFactory': Error creating bean with name 'flywayInitializer' defined in class path resource [org/springframework/boot/flyway/autoconfigure/FlywayAutoConfiguration$FlywayConfiguration.class]: Unable to obtain connection from database: FATAL: MaxClientsInSessionMode: max clients reached - in Session mode max clients are limited to pool_size
-----------------------------------------------------------------------------------------------------------------------------------------------------
SQL State  : XX000
Error Code : 0
Message    : FATAL: MaxClientsInSessionMode: max clients reached - in Session mode max clients are limited to pool_size

	at org.springframework.beans.factory.support.AbstractBeanFactory.doGetBean(AbstractBeanFactory.java:322) ~[spring-beans-7.0.2.jar:7.0.2]
	at org.springframework.beans.factory.support.AbstractBeanFactory.getBean(AbstractBeanFactory.java:201) ~[spring-beans-7.0.2.jar:7.0.2]
	at org.springframework.context.support.AbstractApplicationContext.finishBeanFactoryInitialization(AbstractApplicationContext.java:976) ~[spring-context-7.0.2.jar:7.0.2]
	at org.springframework.context.support.AbstractApplicationContext.refresh(AbstractApplicationContext.java:620) ~[spring-context-7.0.2.jar:7.0.2]
	at org.springframework.boot.web.server.servlet.context.ServletWebServerApplicationContext.refresh(ServletWebServerApplicationContext.java:143) ~[spring-boot-web-server-4.0.1.jar:4.0.1]
	at org.springframework.boot.SpringApplication.refresh(SpringApplication.java:756) ~[spring-boot-4.0.1.jar:4.0.1]
	at org.springframework.boot.SpringApplication.refreshContext(SpringApplication.java:445) ~[spring-boot-4.0.1.jar:4.0.1]
	at org.springframework.boot.SpringApplication.run(SpringApplication.java:321) ~[spring-boot-4.0.1.jar:4.0.1]
	at org.springframework.boot.SpringApplication.run(SpringApplication.java:1365) ~[spring-boot-4.0.1.jar:4.0.1]
	at org.springframework.boot.SpringApplication.run(SpringApplication.java:1354) ~[spring-boot-4.0.1.jar:4.0.1]
	at com.memory.context.engine.DigitalMemoryEngineApplication.main(DigitalMemoryEngineApplication.java:10) ~[classes/:na]
	at java.base/jdk.internal.reflect.DirectMethodHandleAccessor.invoke(DirectMethodHandleAccessor.java:103) ~[na:na]
	at java.base/java.lang.reflect.Method.invoke(Method.java:580) ~[na:na]
	at org.springframework.boot.devtools.restart.RestartLauncher.run(RestartLauncher.java:52) ~[spring-boot-devtools-4.0.1.jar:4.0.1]
Caused by: org.springframework.beans.factory.BeanCreationException: Error creating bean with name 'flywayInitializer' defined in class path resource [org/springframework/boot/flyway/autoconfigure/FlywayAutoConfiguration$FlywayConfiguration.class]: Unable to obtain connection from database: FATAL: MaxClientsInSessionMode: max clients reached - in Session mode max clients are limited to pool_size
-----------------------------------------------------------------------------------------------------------------------------------------------------
SQL State  : XX000
Error Code : 0
Message    : FATAL: MaxClientsInSessionMode: max clients reached - in Session mode max clients are limited to pool_size

	at org.springframework.beans.factory.support.AbstractAutowireCapableBeanFactory.initializeBean(AbstractAutowireCapableBeanFactory.java:1817) ~[spring-beans-7.0.2.jar:7.0.2]
	at org.springframework.beans.factory.support.AbstractAutowireCapableBeanFactory.doCreateBean(AbstractAutowireCapableBeanFactory.java:603) ~[spring-beans-7.0.2.jar:7.0.2]
	at org.springframework.beans.factory.support.AbstractAutowireCapableBeanFactory.createBean(AbstractAutowireCapableBeanFactory.java:525) ~[spring-beans-7.0.2.jar:7.0.2]
	at org.springframework.beans.factory.support.AbstractBeanFactory.lambda$doGetBean$0(AbstractBeanFactory.java:333) ~[spring-beans-7.0.2.jar:7.0.2]
	at org.springframework.beans.factory.support.DefaultSingletonBeanRegistry.getSingleton(DefaultSingletonBeanRegistry.java:371) ~[spring-beans-7.0.2.jar:7.0.2]
	at org.springframework.beans.factory.support.AbstractBeanFactory.doGetBean(AbstractBeanFactory.java:331) ~[spring-beans-7.0.2.jar:7.0.2]
	at org.springframework.beans.factory.support.AbstractBeanFactory.getBean(AbstractBeanFactory.java:196) ~[spring-beans-7.0.2.jar:7.0.2]
	at org.springframework.beans.factory.support.AbstractBeanFactory.doGetBean(AbstractBeanFactory.java:309) ~[spring-beans-7.0.2.jar:7.0.2]
	... 13 common frames omitted
Caused by: org.flywaydb.core.internal.exception.sqlExceptions.FlywaySqlUnableToConnectToDbException: Unable to obtain connection from database: FATAL: MaxClientsInSessionMode: max clients reached - in Session mode max clients are limited to pool_size
-----------------------------------------------------------------------------------------------------------------------------------------------------
SQL State  : XX000
Error Code : 0
Message    : FATAL: MaxClientsInSessionMode: max clients reached - in Session mode max clients are limited to pool_size

	at org.flywaydb.core.internal.jdbc.JdbcUtils.openConnection(JdbcUtils.java:70) ~[flyway-core-11.14.1.jar:na]
	at org.flywaydb.core.internal.jdbc.JdbcConnectionFactory.<init>(JdbcConnectionFactory.java:76) ~[flyway-core-11.14.1.jar:na]
	at org.flywaydb.core.FlywayExecutor.execute(FlywayExecutor.java:142) ~[flyway-core-11.14.1.jar:na]
	at org.flywaydb.core.Flyway.migrate(Flyway.java:186) ~[flyway-core-11.14.1.jar:na]
	at org.springframework.boot.flyway.autoconfigure.FlywayMigrationInitializer.afterPropertiesSet(FlywayMigrationInitializer.java:67) ~[spring-boot-flyway-4.0.1.jar:4.0.1]
	at org.springframework.beans.factory.support.AbstractAutowireCapableBeanFactory.invokeInitMethods(AbstractAutowireCapableBeanFactory.java:1864) ~[spring-beans-7.0.2.jar:7.0.2]
	at org.springframework.beans.factory.support.AbstractAutowireCapableBeanFactory.initializeBean(AbstractAutowireCapableBeanFactory.java:1813) ~[spring-beans-7.0.2.jar:7.0.2]
	... 20 common frames omitted
Caused by: org.postgresql.util.PSQLException: FATAL: MaxClientsInSessionMode: max clients reached - in Session mode max clients are limited to pool_size
	at org.postgresql.core.v3.QueryExecutorImpl.receiveErrorResponse(QueryExecutorImpl.java:2736) ~[postgresql-42.7.8.jar:42.7.8]
	at org.postgresql.core.v3.QueryExecutorImpl.readStartupMessages(QueryExecutorImpl.java:2861) ~[postgresql-42.7.8.jar:42.7.8]
	at org.postgresql.core.v3.QueryExecutorImpl.<init>(QueryExecutorImpl.java:178) ~[postgresql-42.7.8.jar:42.7.8]
	at org.postgresql.core.v3.ConnectionFactoryImpl.openConnectionImpl(ConnectionFactoryImpl.java:344) ~[postgresql-42.7.8.jar:42.7.8]
	at org.postgresql.core.ConnectionFactory.openConnection(ConnectionFactory.java:57) ~[postgresql-42.7.8.jar:42.7.8]
	at org.postgresql.jdbc.PgConnection.<init>(PgConnection.java:279) ~[postgresql-42.7.8.jar:42.7.8]
	at org.postgresql.Driver.makeConnection(Driver.java:448) ~[postgresql-42.7.8.jar:42.7.8]
	at org.postgresql.Driver.connect(Driver.java:298) ~[postgresql-42.7.8.jar:42.7.8]
	at com.zaxxer.hikari.util.DriverDataSource.getConnection(DriverDataSource.java:144) ~[HikariCP-7.0.2.jar:na]
	at com.zaxxer.hikari.pool.PoolBase.newConnection(PoolBase.java:373) ~[HikariCP-7.0.2.jar:na]
	at com.zaxxer.hikari.pool.PoolBase.newPoolEntry(PoolBase.java:210) ~[HikariCP-7.0.2.jar:na]
	at com.zaxxer.hikari.pool.HikariPool.createPoolEntry(HikariPool.java:488) ~[HikariCP-7.0.2.jar:na]
	at com.zaxxer.hikari.pool.HikariPool.checkFailFast(HikariPool.java:576) ~[HikariCP-7.0.2.jar:na]
	at com.zaxxer.hikari.pool.HikariPool.<init>(HikariPool.java:97) ~[HikariCP-7.0.2.jar:na]
	at com.zaxxer.hikari.HikariDataSource.getConnection(HikariDataSource.java:111) ~[HikariCP-7.0.2.jar:na]
	at org.flywaydb.core.internal.jdbc.JdbcUtils.openConnection(JdbcUtils.java:65) ~[flyway-core-11.14.1.jar:na]
	... 26 common frames omitted

[INFO] ------------------------------------------------------------------------
[INFO] BUILD FAILURE
[INFO] ------------------------------------------------------------------------
[INFO] Total time:  8.965 s
[INFO] Finished at: 2026-01-31T22:45:38+05:30
[INFO] ------------------------------------------------------------------------
[ERROR] Failed to execute goal org.springframework.boot:spring-boot-maven-plugin:4.0.1:run (default-cli) on project digital-memory-engine: Process terminated with exit code: 1 -> [Help 1]
[ERROR] 
[ERROR] To see the full stack trace of the errors, re-run Maven with the -e switch.
[ERROR] Re-run Maven using the -X switch to enable full debug logging.
[ERROR] 
[ERROR] For more information about the errors and possible solutions, please read the following articles:
[ERROR] [Help 1] http://cwiki.apache.org/confluence/display/MAVEN/MojoExecutionException
